# JRE version: OpenJDK Runtime Environment (21.0.4) (build 21.0.4+-12508038-b607.1)
# Java VM: OpenJDK 64-Bit Server VM (21.0.4+-12508038-b607.1, mixed mode, tiered, compressed oops, compressed class ptrs, g1 gc, windows-amd64)
GC Precious Log:
 CardTable entry size: 512
 Card Set container configuration: InlinePtr #cards 5 size 8 Array Of Cards #cards 12 size 40 Howl #buckets 4 coarsen threshold 1843 Howl Bitmap #cards 512 size 80 coarsen threshold 460 Card regions per heap region 1 cards per card region 2048
 CPUs: 4 total, 4 available
 Memory: 8073M
 Large Page Support: Disabled
 NUMA Support: Disabled
 Compressed Oops: Enabled (32-bit)
 Heap Region Size: 1M
 Heap Min Capacity: 8M
 Heap Initial Capacity: 128M
 Heap Max Capacity: 2020M
 Pre-touch: Disabled
 Parallel Workers: 4
 Concurrent Workers: 1
 Concurrent Refinement Workers: 4
 Periodic GC: Disabled
Heap:
 garbage-first heap   total 64512K, used 38893K [0x0000000081c00000, 0x0000000100000000)
  region size 1024K, 3 young (3072K), 3 survivors (3072K)
 Metaspace       used 55000K, committed 55744K, reserved 1114112K
  class space    used 6495K, committed 6848K, reserved 1048576K
GC Heap History (20 events):
Event: 4.007 GC heap after
{Heap after GC invocations=3 (full 0):
 garbage-first heap   total 131072K, used 9708K [0x0000000081c00000, 0x0000000100000000)
  region size 1024K, 3 young (3072K), 3 survivors (3072K)
 Metaspace       used 21315K, committed 21504K, reserved 1114112K
  class space    used 2240K, committed 2304K, reserved 1048576K
}
Event: 4.839 GC heap before
{Heap before GC invocations=4 (full 0):
 garbage-first heap   total 37888K, used 36332K [0x0000000081c00000, 0x0000000100000000)
  region size 1024K, 29 young (29696K), 3 survivors (3072K)
 Metaspace       used 28560K, committed 28864K, reserved 1114112K
  class space    used 3410K, committed 3584K, reserved 1048576K
}
Event: 4.848 GC heap after
{Heap after GC invocations=5 (full 0):
 garbage-first heap   total 43008K, used 12244K [0x0000000081c00000, 0x0000000100000000)
  region size 1024K, 5 young (5120K), 5 survivors (5120K)
 Metaspace       used 28560K, committed 28864K, reserved 1114112K
  class space    used 3410K, committed 3584K, reserved 1048576K
}
Event: 5.154 GC heap before
{Heap before GC invocations=5 (full 0):
 garbage-first heap   total 43008K, used 34772K [0x0000000081c00000, 0x0000000100000000)
  region size 1024K, 25 young (25600K), 5 survivors (5120K)
 Metaspace       used 30983K, committed 31296K, reserved 1114112K
  class space    used 3890K, committed 4032K, reserved 1048576K
}
Event: 5.168 GC heap after
{Heap after GC invocations=6 (full 0):
 garbage-first heap   total 45056K, used 18215K [0x0000000081c00000, 0x0000000100000000)
  region size 1024K, 4 young (4096K), 4 survivors (4096K)
 Metaspace       used 30983K, committed 31296K, reserved 1114112K
  class space    used 3890K, committed 4032K, reserved 1048576K
}
Event: 5.645 GC heap before
{Heap before GC invocations=6 (full 0):
 garbage-first heap   total 45056K, used 34599K [0x0000000081c00000, 0x0000000100000000)
  region size 1024K, 21 young (21504K), 4 survivors (4096K)
 Metaspace       used 35077K, committed 35264K, reserved 1114112K
  class space    used 4317K, committed 4416K, reserved 1048576K
}
Event: 5.655 GC heap after
{Heap after GC invocations=7 (full 0):
 garbage-first heap   total 45056K, used 18668K [0x0000000081c00000, 0x0000000100000000)
  region size 1024K, 3 young (3072K), 3 survivors (3072K)
 Metaspace       used 35077K, committed 35264K, reserved 1114112K
  class space    used 4317K, committed 4416K, reserved 1048576K
}
Event: 5.732 GC heap before
{Heap before GC invocations=7 (full 0):
 garbage-first heap   total 45056K, used 21740K [0x0000000081c00000, 0x0000000100000000)
  region size 1024K, 7 young (7168K), 3 survivors (3072K)
 Metaspace       used 35763K, committed 35968K, reserved 1114112K
  class space    used 4393K, committed 4480K, reserved 1048576K
}
Event: 5.736 GC heap after
{Heap after GC invocations=8 (full 0):
 garbage-first heap   total 64512K, used 19191K [0x0000000081c00000, 0x0000000100000000)
  region size 1024K, 1 young (1024K), 1 survivors (1024K)
 Metaspace       used 35763K, committed 35968K, reserved 1114112K
  class space    used 4393K, committed 4480K, reserved 1048576K
}
Event: 6.397 GC heap before
{Heap before GC invocations=9 (full 0):
 garbage-first heap   total 64512K, used 54007K [0x0000000081c00000, 0x0000000100000000)
  region size 1024K, 36 young (36864K), 1 survivors (1024K)
 Metaspace       used 42211K, committed 42816K, reserved 1114112K
  class space    used 5071K, committed 5376K, reserved 1048576K
}
Event: 6.406 GC heap after
{Heap after GC invocations=10 (full 0):
 garbage-first heap   total 64512K, used 22044K [0x0000000081c00000, 0x0000000100000000)
  region size 1024K, 4 young (4096K), 4 survivors (4096K)
 Metaspace       used 42211K, committed 42816K, reserved 1114112K
  class space    used 5071K, committed 5376K, reserved 1048576K
}
Event: 7.166 GC heap before
{Heap before GC invocations=10 (full 0):
 garbage-first heap   total 64512K, used 54812K [0x0000000081c00000, 0x0000000100000000)
  region size 1024K, 34 young (34816K), 4 survivors (4096K)
 Metaspace       used 50120K, committed 50816K, reserved 1114112K
  class space    used 6034K, committed 6400K, reserved 1048576K
}
Event: 7.181 GC heap after
{Heap after GC invocations=11 (full 0):
 garbage-first heap   total 64512K, used 27381K [0x0000000081c00000, 0x0000000100000000)
  region size 1024K, 4 young (4096K), 4 survivors (4096K)
 Metaspace       used 50120K, committed 50816K, reserved 1114112K
  class space    used 6034K, committed 6400K, reserved 1048576K
}
Event: 7.713 GC heap before
{Heap before GC invocations=11 (full 0):
 garbage-first heap   total 64512K, used 55029K [0x0000000081c00000, 0x0000000100000000)
  region size 1024K, 31 young (31744K), 4 survivors (4096K)
 Metaspace       used 53590K, committed 54336K, reserved 1114112K
  class space    used 6454K, committed 6784K, reserved 1048576K
}
Event: 7.730 GC heap after
{Heap after GC invocations=12 (full 0):
 garbage-first heap   total 64512K, used 32063K [0x0000000081c00000, 0x0000000100000000)
  region size 1024K, 4 young (4096K), 4 survivors (4096K)
 Metaspace       used 53590K, committed 54336K, reserved 1114112K
  class space    used 6454K, committed 6784K, reserved 1048576K
}
Event: 8.253 GC heap before
{Heap before GC invocations=12 (full 0):
 garbage-first heap   total 64512K, used 43327K [0x0000000081c00000, 0x0000000100000000)
  region size 1024K, 16 young (16384K), 4 survivors (4096K)
 Metaspace       used 54624K, committed 55360K, reserved 1114112K
  class space    used 6492K, committed 6848K, reserved 1048576K
}
Event: 8.264 GC heap after
{Heap after GC invocations=13 (full 0):
 garbage-first heap   total 64512K, used 35070K [0x0000000081c00000, 0x0000000100000000)
  region size 1024K, 3 young (3072K), 3 survivors (3072K)
 Metaspace       used 54624K, committed 55360K, reserved 1114112K
  class space    used 6492K, committed 6848K, reserved 1048576K
}
Event: 8.386 GC heap before
{Heap before GC invocations=14 (full 0):
 garbage-first heap   total 64512K, used 55550K [0x0000000081c00000, 0x0000000100000000)
  region size 1024K, 22 young (22528K), 3 survivors (3072K)
 Metaspace       used 54750K, committed 55488K, reserved 1114112K
  class space    used 6492K, committed 6848K, reserved 1048576K
}
Event: 8.391 GC heap after
{Heap after GC invocations=15 (full 0):
 garbage-first heap   total 64512K, used 36775K [0x0000000081c00000, 0x0000000100000000)
  region size 1024K, 2 young (2048K), 2 survivors (2048K)
 Metaspace       used 54750K, committed 55488K, reserved 1114112K
  class space    used 6492K, committed 6848K, reserved 1048576K
}
Event: 8.819 GC heap before
{Heap before GC invocations=15 (full 0):
 garbage-first heap   total 64512K, used 55207K [0x0000000081c00000, 0x0000000100000000)
  region size 1024K, 20 young (20480K), 2 survivors (2048K)
 Metaspace       used 55000K, committed 55744K, reserved 1114112K
  class space    used 6495K, committed 6848K, reserved 1048576K
}

